

 SAP2000 v23.2.0 Ultimate 64-bit (Analysis Build 9860/64)
 File: C:\Users\HP\Documents\sample5.LOG




 B E G I N   A N A L Y S I S                                2022/11/05  23:53:01


 RUNNING ANALYSIS WITHIN THE GUI PROCESS
 USING THE ADVANCED SOLVER (PROVIDES LIMITED INSTABILITY INFORMATION)

 NUMBER OF JOINTS                          =         556
    WITH RESTRAINTS                        =          56
 NUMBER OF FRAME/CABLE/TENDON ELEMENTS     =        1117
 NUMBER OF LOAD PATTERNS                   =           3
 NUMBER OF ACCELERATION LOADS              =           9
 NUMBER OF LOAD CASES                      =           4

 ADDRESSABLE PHYSICAL MEMORY (RAM)         =       7.889 GB

 PARALLELIZATION OF ANALYSIS OPERATIONS:
  (Env. variable SAPFIRE_NUM_THREADS not set)
 NUMBER OF THREADS: STATE (AUTOMATIC)      =           4
 NUMBER OF THREADS: STIFFNESS (AUTOMATIC)  =           4
 NUMBER OF THREADS: EVENT (AUTOMATIC)      =           4
 NUMBER OF THREADS: MOVE (AUTOMATIC)       =           4
 NUMBER OF THREADS: RESPONSE (AUTOMATIC)   =           4
 NUMBER OF THREADS: SOLVE (AUTOMATIC)      =           4
 NUMBER OF THREADS: FORM (AUTOMATIC)       =           4


 E L E M E N T   F O R M A T I O N                                      23:53:01



 L I N E A R   E Q U A T I O N   S O L U T I O N                        23:53:01

 FORMING STIFFNESS AT ZERO (UNSTRESSED) INITIAL CONDITIONS

 TOTAL NUMBER OF EQUILIBRIUM EQUATIONS     =        3000
 NUMBER OF NON-ZERO STIFFNESS TERMS        =       48696

 ---------------------------------
 BASIC STABILITY CHECK FOR LINEAR LOAD CASES:
    NUMBER OF NEGATIVE STIFFNESS EIGENVALUES SHOULD BE ZERO FOR STABILITY.
    (NOTE: FURTHER CHECKS SHOULD BE CONSIDERED AS DEEMED NECESSARY,
     SUCH AS REVIEWING EIGEN MODES FOR MECHANISMS AND RIGID-BODY MOTION)

    NUMBER OF NEGATIVE EIGENVALUES         =           0,  OK.
 ---------------------------------


 L I N E A R   S T A T I C   C A S E S                                  23:53:01

 USING STIFFNESS AT ZERO (UNSTRESSED) INITIAL CONDITIONS

 TOTAL NUMBER OF CASES TO SOLVE            =           3
 NUMBER OF CASES TO SOLVE PER BLOCK        =           3

 LINEAR STATIC CASES TO BE SOLVED:

 CASE: DEAD
 CASE: SLAB LOAD
 CASE: WALL LOAD


 E I G E N   M O D A L   A N A L Y S I S                                23:53:01

 CASE: MODAL

 USING STIFFNESS AT ZERO (UNSTRESSED) INITIAL CONDITIONS

 NUMBER OF STIFFNESS DEGREES OF FREEDOM    =        3000
 NUMBER OF MASS DEGREES OF FREEDOM         =        1500
 MAXIMUM NUMBER OF EIGEN MODES SOUGHT      =          12
 MINIMUM NUMBER OF EIGEN MODES SOUGHT      =           1
 NUMBER OF RESIDUAL-MASS MODES SOUGHT      =           0
 NUMBER OF SUBSPACE VECTORS USED           =          24
 RELATIVE CONVERGENCE TOLERANCE            =    1.00E-09

 FREQUENCY SHIFT  (CENTER) (CYC/TIME)      =     .000000
 FREQUENCY CUTOFF (RADIUS) (CYC/TIME)      =  -INFINITY-
 ALLOW AUTOMATIC FREQUENCY SHIFTING        =         YES


 Original stiffness at shift : EV= 0.0000000E+00, f=     .000000, T=  -INFINITY-
 Number of eigenvalues below shift =      0
 Found mode      1 of     12:  EV= 1.7295237E+02, f=    2.093068, T=    0.477768
 Found mode      2 of     12:  EV= 1.7321799E+02, f=    2.094675, T=    0.477401
 Found mode      3 of     12:  EV= 1.9493223E+02, f=    2.222092, T=    0.450026
 Found mode      4 of     12:  EV= 3.4017999E+02, f=    2.935449, T=    0.340663
 Found mode      5 of     12:  EV= 5.4846266E+02, f=    3.727294, T=    0.268291
 Found mode      6 of     12:  EV= 6.7573745E+02, f=    4.137225, T=    0.241708
 Found mode      7 of     12:  EV= 1.1411886E+03, f=    5.376490, T=    0.185995
 Found mode      8 of     12:  EV= 1.3536880E+03, f=    5.855708, T=    0.170774
 Found mode      9 of     12:  EV= 1.3941941E+03, f=    5.942672, T=    0.168274
 Found mode     10 of     12:  EV= 1.5381445E+03, f=    6.241927, T=    0.160207
 Found mode     11 of     12:  EV= 1.5668887E+03, f=    6.299981, T=    0.158731
 Found mode     12 of     12:  EV= 1.7204289E+03, f=    6.601437, T=    0.151482

 NUMBER OF EIGEN MODES FOUND               =          12
 NUMBER OF ITERATIONS PERFORMED            =          10
 NUMBER OF STIFFNESS SHIFTS                =           0


 A N A L Y S I S   C O M P L E T E                          2022/11/05  23:53:02
